<?xml version="1.0" encoding="UTF-8"?>
<!-- Generated by org.testng.reporters.JUnitXMLReporter -->
<testsuite ignored="1" hostname="MSI" failures="3" tests="10" name="Test" time="206.488" errors="0" timestamp="2025-09-19T21:55:25 IST">
  <testcase classname="Tests.HomePageTest" name="check_AdminTabIsDisplyed" time="11.995"/>
  <testcase classname="Tests.HomePageTest" name="check_AdminTabIsPim" time="11.726"/>
  <testcase classname="Tests.HomePageTest" name="check_AdminTabIsTime" time="12.884"/>
  <testcase classname="Tests.AdminPageTest" name="check_AdminTabIsDisplyed" time="14.043"/>
  <testcase classname="Tests.AdminPageTest" name="check_AdminTabIsPim" time="13.844"/>
  <testcase classname="Tests.LoginTest" name="check_LoginPageTitle" time="1.592">
    <failure type="java.lang.AssertionError" message="expected [OrangeHRMMMMM] but found [OrangeHRM]">
      <![CDATA[java.lang.AssertionError: expected [OrangeHRMMMMM] but found [OrangeHRM]
at Tests.LoginTest.check_LoginPageTitle(LoginTest.java:33)
at java.base/java.util.ArrayList.forEach(ArrayList.java:1596)
... Removed 31 stack frames]]>
    </failure>
  </testcase> <!-- check_LoginPageTitle -->
  <testcase classname="Tests.LoginTest" name="check_ValidLogin" time="1.241">
    <failure type="java.lang.AssertionError" message="expected [false] but found [true]">
      <![CDATA[java.lang.AssertionError: expected [false] but found [true]
at Tests.LoginTest.check_ValidLogin(LoginTest.java:42)
at java.base/java.util.ArrayList.forEach(ArrayList.java:1596)
... Removed 29 stack frames]]>
    </failure>
  </testcase> <!-- check_ValidLogin -->
  <testcase classname="Tests.LoginTest" name="check_ValidLoginWithSoftAssert" time="21.289">
    <failure type="java.lang.AssertionError" message="Assertion execute
	expected [false] but found [true]">
      <![CDATA[java.lang.AssertionError: Assertion execute
expected [false] but found [true]
at Tests.LoginTest.check_ValidLoginWithSoftAssert(LoginTest.java:61)
at java.base/java.util.ArrayList.forEach(ArrayList.java:1596)
... Removed 26 stack frames]]>
    </failure>
  </testcase> <!-- check_ValidLoginWithSoftAssert -->
  <testcase classname="Tests.LoginTest" name="invalid_ValidLogin" time="12.402"/>
  <testcase classname="Tests.LoginTest" name="check_ValidLogin_Excel" time="21.449"/>
  <testcase classname="Tests.LoginTest" name="check_InvalidLogin_WithMultipleset" time="0.0">
    <ignored/>
  </testcase> <!-- check_InvalidLogin_WithMultipleset -->
</testsuite> <!-- Test -->
