<?xml version="1.0" encoding="UTF-8"?>
<!-- Generated by org.testng.reporters.JUnitReportReporter -->
<testsuite hostname="MSI" failures="0" tests="2" name="Tests.AdminPageTest" time="40.664" errors="0" timestamp="2025-09-19T21:55:27 IST" skipped="0">
  <testcase classname="Tests.AdminPageTest" name="check_AdminTabIsDisplyed" time="20.937"/>
  <system-out/>
  <testcase classname="Tests.AdminPageTest" name="check_AdminTabIsPim" time="19.727"/>
  <system-out/>
</testsuite> <!-- Tests.AdminPageTest -->
