<?xml version="1.0" encoding="UTF-8"?>
<!-- Generated by org.testng.reporters.JUnitReportReporter -->
<testsuite hostname="MSI" failures="0" tests="3" name="Tests.HomePageTest" time="65.906" errors="0" timestamp="2025-09-19T21:55:27 IST" skipped="0">
  <testcase classname="Tests.HomePageTest" name="check_AdminTabIsDisplyed" time="23.357"/>
  <system-out/>
  <testcase classname="Tests.HomePageTest" name="check_AdminTabIsPim" time="18.244"/>
  <system-out/>
  <testcase classname="Tests.HomePageTest" name="check_AdminTabIsTime" time="24.305"/>
  <system-out/>
</testsuite> <!-- Tests.HomePageTest -->
